<?xml version="1.0" encoding="UTF-8"?>
<testng-results skipped="0" failed="0" total="1" passed="1">
  <reporter-output>
  </reporter-output>
  <suite name="Default suite" duration-ms="5699" started-at="2019-06-09T03:52:14Z" finished-at="2019-06-09T03:52:20Z">
    <groups>
    </groups>
    <test name="Default test" duration-ms="5699" started-at="2019-06-09T03:52:14Z" finished-at="2019-06-09T03:52:20Z">
      <class name="com.basic.TestingGoogeWebsite">
        <test-method status="PASS" signature="testGoogle()[pri:0, instance:com.basic.TestingGoogeWebsite@36d64342]" name="testGoogle" duration-ms="5651" started-at="2019-06-09T09:22:14Z" finished-at="2019-06-09T09:22:20Z">
          <reporter-output>
          </reporter-output>
        </test-method> <!-- testGoogle -->
      </class> <!-- com.basic.TestingGoogeWebsite -->
    </test> <!-- Default test -->
  </suite> <!-- Default suite -->
</testng-results>
